================================================================================
JobID = 8126510
User = truhkop, Account = all
Partition = gpu, Nodelist = dge009
================================================================================
currently at dir:  /usr/users/truhkop/BOResNet
current commit:  c0c5533
run_c0c5533_20210623_144546
y's shape: torch.Size([60000])
x's shape: torch.Size([60000, 1, 28, 28])
Finished training
Got 8379 / 10000 with accuracy 83.79
Confusion matrix:
 tensor([[939.,   4.,   2.,   0.,  11.,   5.,   8.,  20.,   9.,   2.],
        [  4., 877.,   8.,   1.,  10.,   1.,  72.,   4.,  14.,   9.],
        [ 11.,   5., 838.,  58.,   6.,   6.,  47.,   9.,  16.,   4.],
        [  4.,   0.,  14., 954.,   0.,   9.,  11.,   3.,   2.,   3.],
        [ 41.,   7.,   6.,   8., 824.,   3.,  32.,  11.,  65.,   3.],
        [  9.,  21., 255.,  13.,  36., 289., 174.,  22., 166.,  15.],
        [  0.,   0.,  17.,   6.,   8.,   1., 962.,   2.,   4.,   0.],
        [ 16.,   7.,   6.,   2.,  19.,   1.,  40., 870.,  30.,   9.],
        [  8.,   2.,   4.,   9.,   0.,   4.,  16.,   3., 954.,   0.],
        [  5.,  14.,  22.,   7.,  18.,   3.,  30.,  19.,  10., 872.]])
Finished testing
Saved model_20210623_145547
GP Parameter
	Variance: 1.6810301542282104
	Lengthscale: 0.5
	Noise: 0.0
Finished training
Got 3698 / 10000 with accuracy 36.98
Confusion matrix:
 tensor([[770.,   7.,   0.,  35.,  18.,   0.,   0.,  61.,  99.,  10.],
        [ 17., 455.,   5.,  51.,  60.,   0.,   0.,  22., 334.,  56.],
        [ 12., 242.,  15., 217.,  13.,   0.,   0.,  38., 391.,  72.],
        [ 13.,  93.,   1., 407.,  22.,   0.,   0.,  55., 258., 151.],
        [144., 132.,   3.,  85., 371.,   0.,   0.,  27., 194.,  44.],
        [ 71., 151.,   3., 145.,   7.,   0.,   0.,  22., 592.,   9.],
        [ 30., 412.,   5.,  70.,  93.,   0.,   0.,  28., 328.,  34.],
        [ 58.,  81.,   0.,  36.,  61.,   0.,   0., 411., 265.,  88.],
        [ 43.,  66.,   6.,  47.,   6.,   0.,   0.,  14., 804.,  14.],
        [ 28., 127.,   5.,   5.,  58.,   0.,   0.,  36., 276., 465.]])
Finished testing
Saved model_20210623_150619
GP Parameter
	Variance: 1.4362764358520508
	Lengthscale: 3.9679172039031982
	Noise: 0.0
Finished training
Got 1000 / 10000 with accuracy 10.00
Confusion matrix:
 tensor([[   0.,    0., 1000.,    0.,    0.,    0.,    0.,    0.,    0.,    0.],
        [   0.,    0., 1000.,    0.,    0.,    0.,    0.,    0.,    0.,    0.],
        [   0.,    0., 1000.,    0.,    0.,    0.,    0.,    0.,    0.,    0.],
        [   0.,    0., 1000.,    0.,    0.,    0.,    0.,    0.,    0.,    0.],
        [   0.,    0., 1000.,    0.,    0.,    0.,    0.,    0.,    0.,    0.],
        [   0.,    0., 1000.,    0.,    0.,    0.,    0.,    0.,    0.,    0.],
        [   0.,    0., 1000.,    0.,    0.,    0.,    0.,    0.,    0.,    0.],
        [   0.,    0., 1000.,    0.,    0.,    0.,    0.,    0.,    0.,    0.],
        [   0.,    0., 1000.,    0.,    0.,    0.,    0.,    0.,    0.,    0.],
        [   0.,    0., 1000.,    0.,    0.,    0.,    0.,    0.,    0.,    0.]])
Finished testing
Saved model_20210623_151658
GP Parameter
	Variance: 1.5370006561279297
	Lengthscale: 3.0156149864196777
	Noise: 0.0
Finished training
Got 6423 / 10000 with accuracy 64.23
Confusion matrix:
 tensor([[  0.,   0.,   6.,  54., 227., 182.,  38., 196., 180., 117.],
        [  0., 709.,  21.,  45.,  21.,   3.,  52.,   5.,  40., 104.],
        [  0.,   6., 639., 133.,  24.,   4.,  43.,  47.,  48.,  56.],
        [  0.,   6.,   7., 927.,   2.,   4.,  22.,  12.,   6.,  14.],
        [  0.,  26.,  20.,  19., 771.,   5.,  22.,  23.,  76.,  38.],
        [  0.,  32., 456.,  24.,  30., 266.,  62.,  21.,  89.,  20.],
        [  0.,  31.,  57.,  13.,  18.,   0., 849.,  10.,  16.,   6.],
        [  0.,   7.,  16.,  12., 128.,   1., 152., 499.,  79., 106.],
        [  0.,  10.,   9.,  38.,   2.,   6.,  17.,   6., 908.,   4.],
        [  0.,   8.,  51.,   4.,  40.,   4.,  16.,  11.,  11., 855.]])
Finished testing
Saved model_20210623_152738
GP Parameter
	Variance: 1.4323370456695557
	Lengthscale: 2.853235960006714
	Noise: 0.0
Finished training
Got 8601 / 10000 with accuracy 86.01
Confusion matrix:
 tensor([[964.,   5.,   7.,   0.,   5.,   7.,   1.,   5.,   5.,   1.],
        [  3., 910.,   4.,   0.,   5.,   0.,  47.,   5.,   2.,  24.],
        [ 12.,  12., 875.,  58.,   7.,   0.,  18.,   6.,   7.,   5.],
        [  1.,   3.,  26., 959.,   0.,   2.,   5.,   2.,   1.,   1.],
        [ 27.,   9.,   8.,   7., 846.,   1.,  13.,  15.,  71.,   3.],
        [ 44.,  82., 196.,  24.,  57., 267., 113.,  57.,  88.,  72.],
        [  1.,   5.,  13.,   5.,   2.,   0., 971.,   2.,   0.,   1.],
        [ 11.,  12.,   3.,   3.,  12.,   0.,  20., 913.,   9.,  17.],
        [  5.,  19.,   6.,  10.,   0.,   1.,   7.,   1., 950.,   1.],
        [ 11.,   5.,   9.,   3.,  12.,   0.,   6.,   3.,   5., 946.]])
Finished testing
Saved model_20210623_153828
GP Parameter
	Variance: 1.343087911605835
	Lengthscale: 2.7509565353393555
	Noise: 0.0
Finished training
Got 8456 / 10000 with accuracy 84.56
Confusion matrix:
 tensor([[959.,   2.,   2.,   1.,   5.,   0.,   3.,  10.,  14.,   4.],
        [  8., 904.,   4.,   1.,  10.,   0.,  42.,   4.,  14.,  13.],
        [ 12.,  16., 723., 118.,  14.,   5.,  47.,   6.,  45.,  14.],
        [  0.,   5.,   3., 972.,   1.,   0.,   9.,   0.,   6.,   4.],
        [ 48.,   4.,   2.,   9., 849.,   1.,  23.,   7.,  55.,   2.],
        [ 14.,  51., 125.,  26.,  43., 268., 235.,  33., 188.,  17.],
        [  1.,   9.,   8.,   5.,   1.,   1., 967.,   6.,   1.,   1.],
        [ 20.,   6.,   3.,   7.,  10.,   0.,  15., 898.,  35.,   6.],
        [  6.,   4.,   2.,   6.,   1.,   0.,   2.,   0., 979.,   0.],
        [  5.,  12.,   1.,   9.,  16.,   1.,   2.,   6.,  11., 937.]])
Finished testing
Saved model_20210623_154846
GP Parameter
	Variance: 1.2829042673110962
	Lengthscale: 2.8825643062591553
	Noise: 0.0
Finished training
Got 8587 / 10000 with accuracy 85.87
Confusion matrix:
 tensor([[950.,   2.,   8.,   1.,   9.,   8.,   0.,  14.,   5.,   3.],
        [  2., 901.,  18.,   3.,   7.,   1.,  46.,   8.,   5.,   9.],
        [  4.,   2., 864.,  61.,   5.,   1.,  47.,   9.,   4.,   3.],
        [  0.,   1.,  10., 981.,   1.,   1.,   4.,   0.,   1.,   1.],
        [ 10.,   3.,  11.,  20., 839.,   5.,  18.,  12.,  77.,   5.],
        [ 11.,  19., 401.,  43.,  27., 269.,  89.,  69.,  63.,   9.],
        [  1.,   1.,  16.,  17.,   3.,   1., 958.,   1.,   1.,   1.],
        [  5.,   2.,   9.,   5.,   2.,   0.,   9., 936.,   9.,  23.],
        [  1.,   9.,  12.,  24.,   0.,   2.,   7.,   0., 945.,   0.],
        [  5.,   3.,  13.,  13.,  10.,   0.,   1.,   4.,   7., 944.]])
Finished testing
Saved model_20210623_155920
GP Parameter
	Variance: 1.2499386072158813
	Lengthscale: 2.737809896469116
	Noise: 0.0
Finished training
Got 9216 / 10000 with accuracy 92.16
Confusion matrix:
 tensor([[953.,   1.,   2.,   0.,  12.,   2.,   1.,  17.,  11.,   1.],
        [ 11., 899.,  19.,   0.,   4.,   1.,  36.,   9.,   8.,  13.],
        [ 14.,   2., 854.,  46.,   3.,  10.,  35.,  21.,  12.,   3.],
        [  4.,   0.,   8., 963.,   0.,  12.,   2.,   5.,   4.,   2.],
        [ 53.,   4.,   7.,   9., 841.,   4.,  12.,  13.,  48.,   9.],
        [  4.,   6.,  17.,  11.,   3., 933.,  12.,   9.,   4.,   1.],
        [  3.,   5.,  36.,   5.,   1.,   7., 930.,   9.,   3.,   1.],
        [  7.,   2.,   2.,   0.,   3.,   2.,   7., 955.,   8.,  14.],
        [ 14.,   1.,   4.,   5.,   2.,   8.,   3.,   3., 960.,   0.],
        [ 16.,   2.,  10.,   2.,   5.,   2.,   3.,  25.,   7., 928.]])
Finished testing
Saved model_20210623_160949
GP Parameter
	Variance: 1.241492748260498
	Lengthscale: 2.5857739448547363
	Noise: 0.0
Finished training
Got 5211 / 10000 with accuracy 52.11
Confusion matrix:
 tensor([[708.,   1.,   0.,  28.,  36.,  78.,  11.,   0., 108.,  30.],
        [ 16., 627.,   0.,  18.,  32.,  11.,  86.,   0., 109., 101.],
        [ 11., 135.,   0., 147., 105.,   6., 226.,   0., 319.,  51.],
        [  3.,  25.,   0., 800.,  21.,  20.,  14.,   0.,  89.,  28.],
        [ 81.,  46.,   0.,  39., 669.,   1.,  53.,   0.,  60.,  51.],
        [ 12.,  56.,   0.,  45.,  51., 255., 211.,   0., 347.,  23.],
        [ 10.,  45.,   0.,  31.,  47.,   8., 790.,   0.,  42.,  27.],
        [ 68.,  20.,   0., 139., 253.,   5., 122.,   0., 268., 125.],
        [ 13.,  21.,   0.,  39.,   2.,  46.,  43.,   0., 824.,  12.],
        [  7.,  53.,   0.,  30., 153.,   5.,  72.,   0., 142., 538.]])
Finished testing
Saved model_20210623_162030
GP Parameter
	Variance: 1.1617711782455444
	Lengthscale: 2.550123453140259
	Noise: 0.0
Finished training
Got 5378 / 10000 with accuracy 53.78
Confusion matrix:
 tensor([[977.,   4.,   0.,   3.,   0.,   8.,   4.,   4.,   0.,   0.],
        [ 40., 885.,   0.,   2.,   0.,   9.,  61.,   3.,   0.,   0.],
        [ 57., 338.,   0., 216.,   0., 115., 231.,  43.,   0.,   0.],
        [  4.,  24.,   0., 951.,   0.,   2.,  19.,   0.,   0.,   0.],
        [407., 152.,   0., 140.,   0.,  51., 227.,  23.,   0.,   0.],
        [ 14.,  28.,   0.,  41.,   0., 844.,  55.,  18.,   0.,   0.],
        [  9.,  18.,   0.,  15.,   0.,   7., 947.,   4.,   0.,   0.],
        [146.,  23.,   0.,   7.,   0.,  23.,  27., 774.,   0.,   0.],
        [227., 377.,   0., 124.,   0.,  73., 190.,   9.,   0.,   0.],
        [371., 409.,   0.,  47.,   0.,  51.,  79.,  43.,   0.,   0.]])
Finished testing
Saved model_20210623_163052
============ Job Information ===================================================
Submitted: 2021-06-23T14:45:20
Started: 2021-06-23T14:45:25
Ended: 2021-06-23T16:30:57
Elapsed: 106 min, Limit: 300 min, Difference: 194 min
CPUs: 6, Nodes: 1
============= ProfiT-HPC =======================================================
To generate the ProfiT-HPC text report, run the following command
profit-hpc 8126510
================================================================================
